<?xml version="1.0" encoding="UTF-8"?>
<!-- Generated by org.testng.reporters.JUnitReportReporter -->
<testsuite hostname="Parag_" failures="0" tests="1" name="gettingstarted.RtCampAssignment" time="20.735" errors="0" timestamp="2024-11-24T19:23:35 IST" skipped="0">
  <testcase classname="gettingstarted.RtCampAssignment" name="loginTest" time="20.735"/>
</testsuite> <!-- gettingstarted.RtCampAssignment -->
