<?xml version="1.0" encoding="UTF-8"?>
<!-- Generated by org.testng.reporters.JUnitReportReporter -->
<testsuite hostname="Parag_" failures="0" tests="1" name="gettingstarted.rtCampAssingment" time="28.961" errors="0" timestamp="2024-11-24T12:39:29 IST" skipped="0">
  <testcase classname="gettingstarted.rtCampAssingment" name="LoginTest" time="28.961"/>
</testsuite> <!-- gettingstarted.rtCampAssingment -->
